<?xml version="1.0" encoding="UTF-8" ?>
<testsuite errors="0" failures="0" hostname="goorm" name="com.allendowney.thinkdast.MyLinkedListTest" skipped="0" tests="20" time="0.335" timestamp="2021-03-28T14:22:55">
  <properties>
[...]
</properties>
  <testcase classname="com.allendowney.thinkdast.MyLinkedListTest" name="testToArray" time="0.07" />
  <testcase classname="com.allendowney.thinkdast.MyLinkedListTest" name="testAddIntT" time="0.001" />
  <testcase classname="com.allendowney.thinkdast.MyLinkedListTest" name="testGet" time="0.0" />
  <testcase classname="com.allendowney.thinkdast.MyLinkedListTest" name="testSet" time="0.001" />
  <testcase classname="com.allendowney.thinkdast.MyLinkedListTest" name="testAddAllCollectionOfQextendsT" time="0.0" />
  <testcase classname="com.allendowney.thinkdast.MyLinkedListTest" name="testClear" time="0.001" />
  <testcase classname="com.allendowney.thinkdast.MyLinkedListTest" name="testAddT" time="0.001" />
  <testcase classname="com.allendowney.thinkdast.MyLinkedListTest" name="testSize" time="0.0" />
  <testcase classname="com.allendowney.thinkdast.MyLinkedListTest" name="testLastIndexOf" time="0.0" />
  <testcase classname="com.allendowney.thinkdast.MyLinkedListTest" name="testContainsAll" time="0.001" />
  <testcase classname="com.allendowney.thinkdast.MyLinkedListTest" name="testRemoveObject" time="0.0" />
  <testcase classname="com.allendowney.thinkdast.MyLinkedListTest" name="testContains" time="0.0" />
  <testcase classname="com.allendowney.thinkdast.MyLinkedListTest" name="testIndexOfNull" time="0.0" />
  <testcase classname="com.allendowney.thinkdast.MyLinkedListTest" name="testIndexOf" time="0.0" />
  <testcase classname="com.allendowney.thinkdast.MyLinkedListTest" name="testMyList" time="0.0" />
  <testcase classname="com.allendowney.thinkdast.MyLinkedListTest" name="testIsEmpty" time="0.001" />
  <testcase classname="com.allendowney.thinkdast.MyLinkedListTest" name="testIterator" time="0.0" />
  <testcase classname="com.allendowney.thinkdast.MyLinkedListTest" name="testRemoveAll" time="0.0" />
  <testcase classname="com.allendowney.thinkdast.MyLinkedListTest" name="testRemoveInt" time="0.0" />
  <testcase classname="com.allendowney.thinkdast.MyLinkedListTest" name="testSubList" time="0.0" />
  <system-out><![CDATA[]]></system-out>
  <system-err><![CDATA[]]></system-err>
</testsuite>
